[2022-04-25 12:02:12.028 +05:30 INF] Now listening on: https://localhost:7197
[2022-04-25 12:02:12.052 +05:30 INF] Now listening on: http://localhost:5241
[2022-04-25 12:02:12.055 +05:30 INF] Application started. Press Ctrl+C to shut down.
[2022-04-25 12:02:12.055 +05:30 INF] Hosting environment: Development
[2022-04-25 12:02:12.055 +05:30 INF] Content root path: E:\Git-Mani\Project\Aurora\Source\AspireOverflow\
[2022-04-25 12:02:33.016 +05:30 INF] Request starting HTTP/2 GET https://localhost:7197/Query/GetAll - -
[2022-04-25 12:02:33.067 +05:30 INF] Request:
Protocol: HTTP/2
Method: GET
Scheme: https
PathBase: 
Path: /Query/GetAll
Accept: text/plain
Host: localhost:7197
User-Agent: Mozilla/5.0 (Windows NT 10.0; Win64; x64) AppleWebKit/537.36 (KHTML, like Gecko) Chrome/100.0.4896.127 Safari/537.36 Edg/100.0.1185.50
:method: [Redacted]
Accept-Encoding: gzip, deflate, br
Accept-Language: en-US,en;q=0.9
Referer: [Redacted]
sec-ch-ua: [Redacted]
sec-ch-ua-mobile: [Redacted]
sec-ch-ua-platform: [Redacted]
sec-fetch-site: [Redacted]
sec-fetch-mode: [Redacted]
sec-fetch-dest: [Redacted]
[2022-04-25 12:02:33.070 +05:30 INF] Executing endpoint 'AspireOverflow.Controllers.QueryController.GetAll (AspireOverflow)'
[2022-04-25 12:02:33.079 +05:30 INF] Route matched with {action = "GetAll", controller = "Query"}. Executing controller action with signature System.Collections.Generic.IEnumerable`1[AspireOverflow.Models.Query] GetAll() on controller AspireOverflow.Controllers.QueryController (AspireOverflow).
[2022-04-25 12:02:33.141 +05:30 INF] Executing ObjectResult, writing value of type 'Microsoft.EntityFrameworkCore.Internal.InternalDbSet`1[[AspireOverflow.Models.Query, AspireOverflow, Version=1.0.0.0, Culture=neutral, PublicKeyToken=null]]'.
[2022-04-25 12:02:34.470 +05:30 INF] Response:
StatusCode: 200
Content-Type: application/json; charset=utf-8
[2022-04-25 12:02:34.487 +05:30 INF] Executed action AspireOverflow.Controllers.QueryController.GetAll (AspireOverflow) in 1403.1923ms
[2022-04-25 12:02:34.488 +05:30 INF] Executed endpoint 'AspireOverflow.Controllers.QueryController.GetAll (AspireOverflow)'
[2022-04-25 12:02:34.489 +05:30 INF] ResponseBody: [{"id":1,"title":"Article","content":"string","code":"string","isSolved":false,"createdBy":1,"createdOn":"2022-04-25T03:30:34.677","updatedBy":0,"updatedOn":"2022-04-25T03:30:34.677"},{"id":2,"title":"sample","content":"string","code":"string","isSolved":false,"createdBy":2,"createdOn":"2022-04-25T05:10:36.183","updatedBy":0,"updatedOn":"2022-04-25T05:10:36.183"},{"id":3,"title":"AShwath","content":"string","code":"string","isSolved":false,"createdBy":2,"createdOn":"2022-04-25T06:04:52.395","updatedBy":0,"updatedOn":"2022-04-25T06:04:52.395"}]
[2022-04-25 12:02:34.492 +05:30 INF] Request finished HTTP/2 GET https://localhost:7197/Query/GetAll - - - 200 - application/json;+charset=utf-8 1478.4399ms
[2022-04-25 12:03:38.725 +05:30 INF] Application is shutting down...
[2022-04-25 12:03:57.290 +05:30 INF] Now listening on: https://localhost:7197
[2022-04-25 12:03:57.315 +05:30 INF] Now listening on: http://localhost:5241
[2022-04-25 12:03:57.319 +05:30 INF] Application started. Press Ctrl+C to shut down.
[2022-04-25 12:03:57.319 +05:30 INF] Hosting environment: Development
[2022-04-25 12:03:57.319 +05:30 INF] Content root path: E:\Git-Mani\Project\Aurora\Source\AspireOverflow\
[2022-04-25 12:04:03.189 +05:30 INF] Request starting HTTP/2 GET https://localhost:7197/Query/GetAll - -
[2022-04-25 12:04:03.250 +05:30 INF] Request:
Protocol: HTTP/2
Method: GET
Scheme: https
PathBase: 
Path: /Query/GetAll
Accept: text/plain
Host: localhost:7197
User-Agent: Mozilla/5.0 (Windows NT 10.0; Win64; x64) AppleWebKit/537.36 (KHTML, like Gecko) Chrome/100.0.4896.127 Safari/537.36 Edg/100.0.1185.50
:method: [Redacted]
Accept-Encoding: gzip, deflate, br
Accept-Language: en-US,en;q=0.9
Referer: [Redacted]
sec-ch-ua: [Redacted]
sec-ch-ua-mobile: [Redacted]
sec-ch-ua-platform: [Redacted]
sec-fetch-site: [Redacted]
sec-fetch-mode: [Redacted]
sec-fetch-dest: [Redacted]
[2022-04-25 12:04:03.254 +05:30 INF] Executing endpoint 'AspireOverflow.Controllers.QueryController.GetAll (AspireOverflow)'
[2022-04-25 12:04:03.262 +05:30 INF] Route matched with {action = "GetAll", controller = "Query"}. Executing controller action with signature System.Collections.Generic.IEnumerable`1[AspireOverflow.Models.Query] GetAll() on controller AspireOverflow.Controllers.QueryController (AspireOverflow).
[2022-04-25 12:04:03.336 +05:30 INF] Executing ObjectResult, writing value of type 'Microsoft.EntityFrameworkCore.Internal.InternalDbSet`1[[AspireOverflow.Models.Query, AspireOverflow, Version=1.0.0.0, Culture=neutral, PublicKeyToken=null]]'.
[2022-04-25 12:04:04.724 +05:30 INF] Response:
StatusCode: 200
Content-Type: application/json; charset=utf-8
[2022-04-25 12:04:04.743 +05:30 INF] Executed action AspireOverflow.Controllers.QueryController.GetAll (AspireOverflow) in 1475.8816ms
[2022-04-25 12:04:04.744 +05:30 INF] Executed endpoint 'AspireOverflow.Controllers.QueryController.GetAll (AspireOverflow)'
[2022-04-25 12:04:04.745 +05:30 INF] ResponseBody: [{"id":1,"title":"Article","content":"string","code":"string","isSolved":false,"createdBy":1,"createdOn":"2022-04-25T03:30:34.677","updatedBy":0,"updatedOn":"2022-04-25T03:30:34.677"},{"id":2,"title":"sample","content":"string","code":"string","isSolved":false,"createdBy":2,"createdOn":"2022-04-25T05:10:36.183","updatedBy":0,"updatedOn":"2022-04-25T05:10:36.183"},{"id":3,"title":"AShwath","content":"string","code":"string","isSolved":false,"createdBy":2,"createdOn":"2022-04-25T06:04:52.395","updatedBy":0,"updatedOn":"2022-04-25T06:04:52.395"}]
[2022-04-25 12:04:04.751 +05:30 INF] Request finished HTTP/2 GET https://localhost:7197/Query/GetAll - - - 200 - application/json;+charset=utf-8 1564.7610ms
[2022-04-25 12:05:02.510 +05:30 INF] Application is shutting down...
[2022-04-25 12:06:02.379 +05:30 INF] Now listening on: https://localhost:7197
[2022-04-25 12:06:02.404 +05:30 INF] Now listening on: http://localhost:5241
[2022-04-25 12:06:02.408 +05:30 INF] Application started. Press Ctrl+C to shut down.
[2022-04-25 12:06:02.408 +05:30 INF] Hosting environment: Development
[2022-04-25 12:06:02.408 +05:30 INF] Content root path: E:\Git-Mani\Project\Aurora\Source\AspireOverflow\
[2022-04-25 12:06:15.694 +05:30 INF] Request starting HTTP/2 GET https://localhost:7197/Query/GetAll - -
[2022-04-25 12:06:15.745 +05:30 INF] Request:
Protocol: HTTP/2
Method: GET
Scheme: https
PathBase: 
Path: /Query/GetAll
Accept: text/plain
Host: localhost:7197
User-Agent: Mozilla/5.0 (Windows NT 10.0; Win64; x64) AppleWebKit/537.36 (KHTML, like Gecko) Chrome/100.0.4896.127 Safari/537.36 Edg/100.0.1185.50
:method: [Redacted]
Accept-Encoding: gzip, deflate, br
Accept-Language: en-US,en;q=0.9
Referer: [Redacted]
sec-ch-ua: [Redacted]
sec-ch-ua-mobile: [Redacted]
sec-ch-ua-platform: [Redacted]
sec-fetch-site: [Redacted]
sec-fetch-mode: [Redacted]
sec-fetch-dest: [Redacted]
[2022-04-25 12:06:15.748 +05:30 INF] Executing endpoint 'AspireOverflow.Controllers.QueryController.GetAll (AspireOverflow)'
[2022-04-25 12:06:15.755 +05:30 INF] Route matched with {action = "GetAll", controller = "Query"}. Executing controller action with signature System.Collections.Generic.IEnumerable`1[AspireOverflow.Models.Query] GetAll() on controller AspireOverflow.Controllers.QueryController (AspireOverflow).
[2022-04-25 12:06:15.756 +05:30 INF] logging in GetAll method
[2022-04-25 12:06:15.818 +05:30 INF] Executing ObjectResult, writing value of type 'Microsoft.EntityFrameworkCore.Internal.InternalDbSet`1[[AspireOverflow.Models.Query, AspireOverflow, Version=1.0.0.0, Culture=neutral, PublicKeyToken=null]]'.
[2022-04-25 12:06:16.982 +05:30 INF] Response:
StatusCode: 200
Content-Type: application/json; charset=utf-8
[2022-04-25 12:06:17.003 +05:30 INF] Executed action AspireOverflow.Controllers.QueryController.GetAll (AspireOverflow) in 1242.8996ms
[2022-04-25 12:06:17.004 +05:30 INF] Executed endpoint 'AspireOverflow.Controllers.QueryController.GetAll (AspireOverflow)'
[2022-04-25 12:06:17.005 +05:30 INF] ResponseBody: [{"id":1,"title":"Article","content":"string","code":"string","isSolved":false,"createdBy":1,"createdOn":"2022-04-25T03:30:34.677","updatedBy":0,"updatedOn":"2022-04-25T03:30:34.677"},{"id":2,"title":"sample","content":"string","code":"string","isSolved":false,"createdBy":2,"createdOn":"2022-04-25T05:10:36.183","updatedBy":0,"updatedOn":"2022-04-25T05:10:36.183"},{"id":3,"title":"AShwath","content":"string","code":"string","isSolved":false,"createdBy":2,"createdOn":"2022-04-25T06:04:52.395","updatedBy":0,"updatedOn":"2022-04-25T06:04:52.395"}]
[2022-04-25 12:06:17.010 +05:30 INF] Request finished HTTP/2 GET https://localhost:7197/Query/GetAll - - - 200 - application/json;+charset=utf-8 1319.2868ms
[2022-04-25 12:07:34.546 +05:30 INF] Application is shutting down...
[2022-04-25 12:07:38.062 +05:30 INF] Now listening on: https://localhost:7197
[2022-04-25 12:07:38.086 +05:30 INF] Now listening on: http://localhost:5241
[2022-04-25 12:07:38.089 +05:30 INF] Application started. Press Ctrl+C to shut down.
[2022-04-25 12:07:38.089 +05:30 INF] Hosting environment: Development
[2022-04-25 12:07:38.089 +05:30 INF] Content root path: E:\Git-Mani\Project\Aurora\Source\AspireOverflow\
[2022-04-25 12:07:54.435 +05:30 INF] Request starting HTTP/2 GET https://localhost:7197/swagger/index.html - -
[2022-04-25 12:07:54.529 +05:30 INF] Request finished HTTP/2 GET https://localhost:7197/swagger/index.html - - - 200 - text/html;charset=utf-8 96.3745ms
[2022-04-25 12:07:54.829 +05:30 INF] Request starting HTTP/2 GET https://localhost:7197/swagger/v1/swagger.json - -
[2022-04-25 12:07:54.928 +05:30 INF] Request finished HTTP/2 GET https://localhost:7197/swagger/v1/swagger.json - - - 200 - application/json;charset=utf-8 98.4564ms
[2022-04-25 12:08:22.897 +05:30 INF] Request starting HTTP/2 POST https://localhost:7197/Query/AddQuery application/json 196
[2022-04-25 12:08:22.905 +05:30 INF] Request:
Protocol: HTTP/2
Method: POST
Scheme: https
PathBase: 
Path: /Query/AddQuery
Accept: text/plain
Host: localhost:7197
User-Agent: Mozilla/5.0 (Windows NT 10.0; Win64; x64) AppleWebKit/537.36 (KHTML, like Gecko) Chrome/100.0.4896.127 Safari/537.36 Edg/100.0.1185.50
:method: [Redacted]
Accept-Encoding: gzip, deflate, br
Accept-Language: en-US,en;q=0.9
Content-Type: application/json
Origin: [Redacted]
Referer: [Redacted]
Content-Length: 196
sec-ch-ua: [Redacted]
sec-ch-ua-mobile: [Redacted]
sec-ch-ua-platform: [Redacted]
sec-fetch-site: [Redacted]
sec-fetch-mode: [Redacted]
sec-fetch-dest: [Redacted]
[2022-04-25 12:08:22.909 +05:30 INF] Executing endpoint 'AspireOverflow.Controllers.QueryController.AddQuery (AspireOverflow)'
[2022-04-25 12:08:22.933 +05:30 INF] Route matched with {action = "AddQuery", controller = "Query"}. Executing controller action with signature System.Net.HttpStatusCode AddQuery(AspireOverflow.Models.Query) on controller AspireOverflow.Controllers.QueryController (AspireOverflow).
[2022-04-25 12:08:22.945 +05:30 INF] RequestBody: {
  
  "title": "Ponvizhi",
  "content": "string",
  "code": "string",
  
  "createdBy": 2,
  "createdOn": "2022-04-25T06:38:07.077Z",
  "updatedBy": 0,
  "updatedOn": "2022-04-25T06:38:07.077Z"
}
[2022-04-25 12:08:24.258 +05:30 ERR] Exception Occured in AddQueryToDatabase method in QueryDatabase class.
Exception : The operation was canceled.
[2022-04-25 12:08:24.263 +05:30 INF] Executing ObjectResult, writing value of type 'System.Net.HttpStatusCode'.
[2022-04-25 12:08:24.266 +05:30 INF] Response:
StatusCode: 200
Content-Type: application/json; charset=utf-8
[2022-04-25 12:08:24.272 +05:30 INF] Executed action AspireOverflow.Controllers.QueryController.AddQuery (AspireOverflow) in 1332.6998ms
[2022-04-25 12:08:24.272 +05:30 INF] Executed endpoint 'AspireOverflow.Controllers.QueryController.AddQuery (AspireOverflow)'
[2022-04-25 12:08:24.272 +05:30 INF] ResponseBody: 400
[2022-04-25 12:08:24.272 +05:30 INF] Request finished HTTP/2 POST https://localhost:7197/Query/AddQuery application/json 196 - 200 - application/json;+charset=utf-8 1375.6271ms
[2022-04-25 12:10:32.978 +05:30 INF] Application is shutting down...
[2022-04-25 12:43:45.445 +05:30 INF] Now listening on: https://localhost:7197
[2022-04-25 12:43:45.469 +05:30 INF] Now listening on: http://localhost:5241
[2022-04-25 12:43:45.473 +05:30 INF] Application started. Press Ctrl+C to shut down.
[2022-04-25 12:43:45.473 +05:30 INF] Hosting environment: Development
[2022-04-25 12:43:45.473 +05:30 INF] Content root path: E:\Git-Mani\Project\Aurora\Source\AspireOverflow\
[2022-04-25 12:43:49.094 +05:30 INF] Request starting HTTP/2 GET https://localhost:7197/swagger/index.html - -
[2022-04-25 12:43:49.203 +05:30 INF] Request finished HTTP/2 GET https://localhost:7197/swagger/index.html - - - 200 - text/html;charset=utf-8 111.7190ms
[2022-04-25 12:43:49.416 +05:30 INF] Request starting HTTP/2 GET https://localhost:7197/swagger/v1/swagger.json - -
[2022-04-25 12:43:49.520 +05:30 INF] Request finished HTTP/2 GET https://localhost:7197/swagger/v1/swagger.json - - - 200 - application/json;charset=utf-8 104.1953ms
[2022-04-25 12:43:53.339 +05:30 INF] Request starting HTTP/2 GET https://localhost:7197/Query/GetAll - -
[2022-04-25 12:43:53.353 +05:30 INF] Request:
Protocol: HTTP/2
Method: GET
Scheme: https
PathBase: 
Path: /Query/GetAll
Accept: text/plain
Host: localhost:7197
User-Agent: Mozilla/5.0 (Windows NT 10.0; Win64; x64) AppleWebKit/537.36 (KHTML, like Gecko) Chrome/100.0.4896.127 Safari/537.36 Edg/100.0.1185.50
:method: [Redacted]
Accept-Encoding: gzip, deflate, br
Accept-Language: en-US,en;q=0.9
Referer: [Redacted]
sec-ch-ua: [Redacted]
sec-ch-ua-mobile: [Redacted]
sec-ch-ua-platform: [Redacted]
sec-fetch-site: [Redacted]
sec-fetch-mode: [Redacted]
sec-fetch-dest: [Redacted]
[2022-04-25 12:43:53.356 +05:30 INF] Executing endpoint 'AspireOverflow.Controllers.QueryController.GetAll (AspireOverflow)'
[2022-04-25 12:43:53.364 +05:30 INF] Route matched with {action = "GetAll", controller = "Query"}. Executing controller action with signature System.Collections.Generic.IEnumerable`1[AspireOverflow.Models.Query] GetAll() on controller AspireOverflow.Controllers.QueryController (AspireOverflow).
[2022-04-25 12:43:53.368 +05:30 INF] logging in GetAll method
[2022-04-25 12:43:53.441 +05:30 INF] Executing ObjectResult, writing value of type 'Microsoft.EntityFrameworkCore.Internal.InternalDbSet`1[[AspireOverflow.Models.Query, AspireOverflow, Version=1.0.0.0, Culture=neutral, PublicKeyToken=null]]'.
[2022-04-25 12:43:54.666 +05:30 INF] Response:
StatusCode: 200
Content-Type: application/json; charset=utf-8
[2022-04-25 12:43:54.683 +05:30 INF] Executed action AspireOverflow.Controllers.QueryController.GetAll (AspireOverflow) in 1313.8786ms
[2022-04-25 12:43:54.684 +05:30 INF] Executed endpoint 'AspireOverflow.Controllers.QueryController.GetAll (AspireOverflow)'
[2022-04-25 12:43:54.685 +05:30 INF] ResponseBody: [{"id":1,"title":"Article","content":"string","code":"string","isSolved":false,"createdBy":1,"createdOn":"2022-04-25T03:30:34.677","updatedBy":0,"updatedOn":"2022-04-25T03:30:34.677"},{"id":2,"title":"sample","content":"string","code":"string","isSolved":false,"createdBy":2,"createdOn":"2022-04-25T05:10:36.183","updatedBy":0,"updatedOn":"2022-04-25T05:10:36.183"},{"id":3,"title":"AShwath","content":"string","code":"string","isSolved":false,"createdBy":2,"createdOn":"2022-04-25T06:04:52.395","updatedBy":0,"updatedOn":"2022-04-25T06:04:52.395"},{"id":4,"title":"Ponvizhi","content":"string","code":"string","isSolved":false,"createdBy":2,"createdOn":"2022-04-25T06:38:07.077","updatedBy":0,"updatedOn":"2022-04-25T06:38:07.077"}]
[2022-04-25 12:43:54.686 +05:30 INF] Request finished HTTP/2 GET https://localhost:7197/Query/GetAll - - - 200 - application/json;+charset=utf-8 1347.3798ms
[2022-04-25 12:44:06.152 +05:30 INF] Request starting HTTP/2 POST https://localhost:7197/Query/AddQuery application/json 219
[2022-04-25 12:44:06.156 +05:30 INF] Request:
Protocol: HTTP/2
Method: POST
Scheme: https
PathBase: 
Path: /Query/AddQuery
Accept: text/plain
Host: localhost:7197
User-Agent: Mozilla/5.0 (Windows NT 10.0; Win64; x64) AppleWebKit/537.36 (KHTML, like Gecko) Chrome/100.0.4896.127 Safari/537.36 Edg/100.0.1185.50
:method: [Redacted]
Accept-Encoding: gzip, deflate, br
Accept-Language: en-US,en;q=0.9
Content-Type: application/json
Origin: [Redacted]
Referer: [Redacted]
Content-Length: 219
sec-ch-ua: [Redacted]
sec-ch-ua-mobile: [Redacted]
sec-ch-ua-platform: [Redacted]
sec-fetch-site: [Redacted]
sec-fetch-mode: [Redacted]
sec-fetch-dest: [Redacted]
[2022-04-25 12:44:06.156 +05:30 INF] Executing endpoint 'AspireOverflow.Controllers.QueryController.AddQuery (AspireOverflow)'
[2022-04-25 12:44:06.170 +05:30 INF] Route matched with {action = "AddQuery", controller = "Query"}. Executing controller action with signature System.Net.HttpStatusCode AddQuery(AspireOverflow.Models.Query) on controller AspireOverflow.Controllers.QueryController (AspireOverflow).
[2022-04-25 12:44:06.179 +05:30 INF] RequestBody: {
  "id": 0,
  "title": "string",
  "content": "string",
  "code": "string",
  "isSolved": true,
  "createdBy": 2,
  "createdOn": "2022-04-25T07:14:00.775Z",
  "updatedBy": 0,
  "updatedOn": "2022-04-25T07:14:00.775Z"
}
[2022-04-25 12:44:06.360 +05:30 INF] Executing ObjectResult, writing value of type 'System.Net.HttpStatusCode'.
[2022-04-25 12:44:06.360 +05:30 INF] Response:
StatusCode: 200
Content-Type: application/json; charset=utf-8
[2022-04-25 12:44:06.361 +05:30 INF] Executed action AspireOverflow.Controllers.QueryController.AddQuery (AspireOverflow) in 190.5418ms
[2022-04-25 12:44:06.361 +05:30 INF] Executed endpoint 'AspireOverflow.Controllers.QueryController.AddQuery (AspireOverflow)'
[2022-04-25 12:44:06.361 +05:30 INF] ResponseBody: 201
[2022-04-25 12:44:06.361 +05:30 INF] Request finished HTTP/2 POST https://localhost:7197/Query/AddQuery application/json 219 - 200 - application/json;+charset=utf-8 208.8817ms
[2022-04-25 13:33:35.655 +05:30 INF] Application is shutting down...
