[2022-04-28 12:18:58.404 +05:30 INF] Now listening on: https://localhost:7197
[2022-04-28 12:18:58.431 +05:30 INF] Now listening on: http://localhost:5241
[2022-04-28 12:18:58.434 +05:30 INF] Application started. Press Ctrl+C to shut down.
[2022-04-28 12:18:58.434 +05:30 INF] Hosting environment: Development
[2022-04-28 12:18:58.434 +05:30 INF] Content root path: E:\Backup-project\Services\
[2022-04-28 12:19:00.070 +05:30 INF] Request starting HTTP/2 GET https://localhost:7197/swagger/index.html - -
[2022-04-28 12:19:00.166 +05:30 INF] Request finished HTTP/2 GET https://localhost:7197/swagger/index.html - - - 200 - text/html;charset=utf-8 99.2044ms
[2022-04-28 12:19:00.391 +05:30 INF] Request starting HTTP/2 GET https://localhost:7197/swagger/v1/swagger.json - -
[2022-04-28 12:19:00.486 +05:30 INF] Request finished HTTP/2 GET https://localhost:7197/swagger/v1/swagger.json - - - 200 - application/json;charset=utf-8 95.6427ms
[2022-04-28 12:19:03.525 +05:30 INF] Request starting HTTP/2 GET https://localhost:7197/Query/GetAll - -
[2022-04-28 12:19:03.534 +05:30 INF] Request:
Protocol: HTTP/2
Method: GET
Scheme: https
PathBase: 
Path: /Query/GetAll
Accept: */*
Host: localhost:7197
User-Agent: Mozilla/5.0 (Windows NT 10.0; Win64; x64) AppleWebKit/537.36 (KHTML, like Gecko) Chrome/100.0.4896.127 Safari/537.36 Edg/100.0.1185.50
:method: [Redacted]
Accept-Encoding: gzip, deflate, br
Accept-Language: en-US,en;q=0.9
Referer: [Redacted]
sec-ch-ua: [Redacted]
sec-ch-ua-mobile: [Redacted]
sec-ch-ua-platform: [Redacted]
sec-fetch-site: [Redacted]
sec-fetch-mode: [Redacted]
sec-fetch-dest: [Redacted]
[2022-04-28 12:19:03.539 +05:30 INF] Executing endpoint 'AspireOverflow.Controllers.QueryController.GetAll (AspireOverflow)'
[2022-04-28 12:19:03.548 +05:30 INF] Route matched with {action = "GetAll", controller = "Query"}. Executing controller action with signature Microsoft.AspNetCore.Mvc.IActionResult GetAll() on controller AspireOverflow.Controllers.QueryController (AspireOverflow).
[2022-04-28 12:19:03.552 +05:30 INF] logging in GetAll method
[2022-04-28 12:19:03.618 +05:30 INF] Executing OkObjectResult, writing value of type 'Microsoft.EntityFrameworkCore.Internal.InternalDbSet`1[[AspireOverflow.Models.Query, AspireOverflow, Version=1.0.0.0, Culture=neutral, PublicKeyToken=null]]'.
[2022-04-28 12:19:04.771 +05:30 INF] Response:
StatusCode: 200
Content-Type: application/json; charset=utf-8
[2022-04-28 12:19:04.788 +05:30 INF] Executed action AspireOverflow.Controllers.QueryController.GetAll (AspireOverflow) in 1234.4948ms
[2022-04-28 12:19:04.789 +05:30 INF] Executed endpoint 'AspireOverflow.Controllers.QueryController.GetAll (AspireOverflow)'
[2022-04-28 12:19:04.790 +05:30 INF] ResponseBody: [{"id":1,"title":"Article","content":"string","code":"string","isSolved":false,"createdBy":1,"createdOn":"2022-04-25T03:30:34.677","updatedBy":0,"updatedOn":"2022-04-25T03:30:34.677"},{"id":2,"title":"sample","content":"string","code":"string","isSolved":false,"createdBy":2,"createdOn":"2022-04-25T05:10:36.183","updatedBy":0,"updatedOn":"2022-04-25T05:10:36.183"},{"id":3,"title":"AShwath","content":"string","code":"string","isSolved":false,"createdBy":2,"createdOn":"2022-04-25T06:04:52.395","updatedBy":0,"updatedOn":"2022-04-25T06:04:52.395"},{"id":4,"title":"Ponvizhi","content":"string","code":"string","isSolved":false,"createdBy":2,"createdOn":"2022-04-25T06:38:07.077","updatedBy":0,"updatedOn":"2022-04-25T06:38:07.077"},{"id":5,"title":"string","content":"string","code":"string","isSolved":true,"createdBy":2,"createdOn":"2022-04-25T07:14:00.775","updatedBy":0,"updatedOn":"2022-04-25T07:14:00.775"},{"id":7,"title":"string","content":"string","code":"string","isSolved":true,"createdBy":0,"createdOn":"2022-04-28T05:32:45.832","updatedBy":0,"updatedOn":"2022-04-28T05:32:45.833"}]
[2022-04-28 12:19:04.792 +05:30 INF] Request finished HTTP/2 GET https://localhost:7197/Query/GetAll - - - 200 - application/json;+charset=utf-8 1266.2633ms
[2022-04-28 12:19:14.225 +05:30 INF] Application is shutting down...
